\BOOKMARK [0][-]{chapter.1}{\376\377\000H\000i\000e\000r\000a\000r\000c\000h\000i\000c\000a\000l\000\040\000I\000n\000d\000e\000x}{}% 1
\BOOKMARK [1][-]{section.1.1}{\376\377\000C\000l\000a\000s\000s\000\040\000H\000i\000e\000r\000a\000r\000c\000h\000y}{chapter.1}% 2
\BOOKMARK [0][-]{chapter.2}{\376\377\000C\000l\000a\000s\000s\000\040\000I\000n\000d\000e\000x}{}% 3
\BOOKMARK [1][-]{section.2.1}{\376\377\000C\000l\000a\000s\000s\000\040\000L\000i\000s\000t}{chapter.2}% 4
\BOOKMARK [0][-]{chapter.3}{\376\377\000F\000i\000l\000e\000\040\000I\000n\000d\000e\000x}{}% 5
\BOOKMARK [1][-]{section.3.1}{\376\377\000F\000i\000l\000e\000\040\000L\000i\000s\000t}{chapter.3}% 6
\BOOKMARK [0][-]{chapter.4}{\376\377\000C\000l\000a\000s\000s\000\040\000D\000o\000c\000u\000m\000e\000n\000t\000a\000t\000i\000o\000n}{}% 7
\BOOKMARK [1][-]{section.4.1}{\376\377\000B\000a\000s\000i\000c\000S\000t\000a\000r\000\040\000C\000l\000a\000s\000s\000\040\000R\000e\000f\000e\000r\000e\000n\000c\000e}{chapter.4}% 8
\BOOKMARK [2][-]{subsection.4.1.1}{\376\377\000D\000e\000t\000a\000i\000l\000e\000d\000\040\000D\000e\000s\000c\000r\000i\000p\000t\000i\000o\000n}{section.4.1}% 9
\BOOKMARK [2][-]{subsection.4.1.2}{\376\377\000C\000o\000n\000s\000t\000r\000u\000c\000t\000o\000r\000\040\000\046\000\040\000D\000e\000s\000t\000r\000u\000c\000t\000o\000r\000\040\000D\000o\000c\000u\000m\000e\000n\000t\000a\000t\000i\000o\000n}{section.4.1}% 10
\BOOKMARK [3][-]{subsubsection.4.1.2.1}{\376\377\000B\000a\000s\000i\000c\000S\000t\000a\000r}{subsection.4.1.2}% 11
\BOOKMARK [3][-]{subsubsection.4.1.2.2}{\376\377\000B\000a\000s\000i\000c\000S\000t\000a\000r}{subsection.4.1.2}% 12
\BOOKMARK [2][-]{subsection.4.1.3}{\376\377\000M\000e\000m\000b\000e\000r\000\040\000F\000u\000n\000c\000t\000i\000o\000n\000\040\000D\000o\000c\000u\000m\000e\000n\000t\000a\000t\000i\000o\000n}{section.4.1}% 13
\BOOKMARK [3][-]{subsubsection.4.1.3.1}{\376\377\000r\000a\000n\000d\000o\000m\000i\000z\000e\000S\000p\000a\000w\000n}{subsection.4.1.3}% 14
\BOOKMARK [3][-]{subsubsection.4.1.3.2}{\376\377\000t\000a\000k\000e\000A\000c\000t\000i\000o\000n}{subsection.4.1.3}% 15
\BOOKMARK [1][-]{section.4.2}{\376\377\000G\000a\000m\000e\000\040\000C\000l\000a\000s\000s\000\040\000R\000e\000f\000e\000r\000e\000n\000c\000e}{chapter.4}% 16
\BOOKMARK [2][-]{subsection.4.2.1}{\376\377\000D\000e\000t\000a\000i\000l\000e\000d\000\040\000D\000e\000s\000c\000r\000i\000p\000t\000i\000o\000n}{section.4.2}% 17
\BOOKMARK [2][-]{subsection.4.2.2}{\376\377\000C\000o\000n\000s\000t\000r\000u\000c\000t\000o\000r\000\040\000\046\000\040\000D\000e\000s\000t\000r\000u\000c\000t\000o\000r\000\040\000D\000o\000c\000u\000m\000e\000n\000t\000a\000t\000i\000o\000n}{section.4.2}% 18
\BOOKMARK [3][-]{subsubsection.4.2.2.1}{\376\377\000G\000a\000m\000e}{subsection.4.2.2}% 19
\BOOKMARK [3][-]{subsubsection.4.2.2.2}{\376\377\000G\000a\000m\000e}{subsection.4.2.2}% 20
\BOOKMARK [3][-]{subsubsection.4.2.2.3}{\376\377\000G\000a\000m\000e}{subsection.4.2.2}% 21
\BOOKMARK [2][-]{subsection.4.2.3}{\376\377\000M\000e\000m\000b\000e\000r\000\040\000F\000u\000n\000c\000t\000i\000o\000n\000\040\000D\000o\000c\000u\000m\000e\000n\000t\000a\000t\000i\000o\000n}{section.4.2}% 22
\BOOKMARK [3][-]{subsubsection.4.2.3.1}{\376\377\000a\000d\000d\000S\000t\000a\000r\000s}{subsection.4.2.3}% 23
\BOOKMARK [3][-]{subsubsection.4.2.3.2}{\376\377\000d\000r\000a\000w\000O\000b\000j\000e\000c\000t\000s\000T\000o\000S\000c\000r\000e\000e\000n}{subsection.4.2.3}% 24
\BOOKMARK [3][-]{subsubsection.4.2.3.3}{\376\377\000g\000a\000m\000e\000O\000v\000e\000r}{subsection.4.2.3}% 25
\BOOKMARK [3][-]{subsubsection.4.2.3.4}{\376\377\000h\000a\000n\000d\000l\000e\000P\000l\000a\000y\000e\000r\000I\000n\000p\000u\000t}{subsection.4.2.3}% 26
\BOOKMARK [3][-]{subsubsection.4.2.3.5}{\376\377\000l\000e\000t\000O\000b\000j\000e\000c\000t\000s\000I\000n\000t\000e\000r\000a\000c\000t}{subsection.4.2.3}% 27
\BOOKMARK [3][-]{subsubsection.4.2.3.6}{\376\377\000o\000p\000e\000r\000a\000t\000o\000r\000=}{subsection.4.2.3}% 28
\BOOKMARK [3][-]{subsubsection.4.2.3.7}{\376\377\000r\000u\000n}{subsection.4.2.3}% 29
\BOOKMARK [2][-]{subsection.4.2.4}{\376\377\000M\000e\000m\000b\000e\000r\000\040\000D\000a\000t\000a\000\040\000D\000o\000c\000u\000m\000e\000n\000t\000a\000t\000i\000o\000n}{section.4.2}% 30
\BOOKMARK [3][-]{subsubsection.4.2.4.1}{\376\377\000g\000r\000a\000p\000h\000i\000c\000s\000\137}{subsection.4.2.4}% 31
\BOOKMARK [3][-]{subsubsection.4.2.4.2}{\376\377\000p\000l\000a\000y\000e\000r\000\137}{subsection.4.2.4}% 32
\BOOKMARK [3][-]{subsubsection.4.2.4.3}{\376\377\000s\000t\000a\000r\000\137\000l\000i\000s\000t\000\137}{subsection.4.2.4}% 33
\BOOKMARK [1][-]{section.4.3}{\376\377\000G\000r\000a\000p\000h\000i\000c\000s\000E\000n\000g\000i\000n\000e\000\040\000C\000l\000a\000s\000s\000\040\000R\000e\000f\000e\000r\000e\000n\000c\000e}{chapter.4}% 34
\BOOKMARK [2][-]{subsection.4.3.1}{\376\377\000D\000e\000t\000a\000i\000l\000e\000d\000\040\000D\000e\000s\000c\000r\000i\000p\000t\000i\000o\000n}{section.4.3}% 35
\BOOKMARK [2][-]{subsection.4.3.2}{\376\377\000C\000o\000n\000s\000t\000r\000u\000c\000t\000o\000r\000\040\000\046\000\040\000D\000e\000s\000t\000r\000u\000c\000t\000o\000r\000\040\000D\000o\000c\000u\000m\000e\000n\000t\000a\000t\000i\000o\000n}{section.4.3}% 36
\BOOKMARK [3][-]{subsubsection.4.3.2.1}{\376\377\000G\000r\000a\000p\000h\000i\000c\000s\000E\000n\000g\000i\000n\000e}{subsection.4.3.2}% 37
\BOOKMARK [3][-]{subsubsection.4.3.2.2}{\376\377\000G\000r\000a\000p\000h\000i\000c\000s\000E\000n\000g\000i\000n\000e}{subsection.4.3.2}% 38
\BOOKMARK [3][-]{subsubsection.4.3.2.3}{\376\377\000G\000r\000a\000p\000h\000i\000c\000s\000E\000n\000g\000i\000n\000e}{subsection.4.3.2}% 39
\BOOKMARK [2][-]{subsection.4.3.3}{\376\377\000M\000e\000m\000b\000e\000r\000\040\000F\000u\000n\000c\000t\000i\000o\000n\000\040\000D\000o\000c\000u\000m\000e\000n\000t\000a\000t\000i\000o\000n}{section.4.3}% 40
\BOOKMARK [3][-]{subsubsection.4.3.3.1}{\376\377\000d\000r\000a\000w\000I\000m\000a\000g\000e}{subsection.4.3.3}% 41
\BOOKMARK [3][-]{subsubsection.4.3.3.2}{\376\377\000d\000r\000a\000w\000T\000e\000x\000t}{subsection.4.3.3}% 42
\BOOKMARK [3][-]{subsubsection.4.3.3.3}{\376\377\000g\000e\000t\000E\000v\000e\000n\000t}{subsection.4.3.3}% 43
\BOOKMARK [3][-]{subsubsection.4.3.3.4}{\376\377\000g\000e\000t\000L\000a\000s\000t\000E\000r\000r\000o\000r}{subsection.4.3.3}% 44
\BOOKMARK [3][-]{subsubsection.4.3.3.5}{\376\377\000l\000o\000a\000d\000I\000m\000a\000g\000e}{subsection.4.3.3}% 45
\BOOKMARK [3][-]{subsubsection.4.3.3.6}{\376\377\000m\000a\000k\000e\000S\000c\000r\000e\000e\000n\000B\000l\000a\000c\000k}{subsection.4.3.3}% 46
\BOOKMARK [3][-]{subsubsection.4.3.3.7}{\376\377\000o\000p\000e\000r\000a\000t\000o\000r\000=}{subsection.4.3.3}% 47
\BOOKMARK [3][-]{subsubsection.4.3.3.8}{\376\377\000s\000c\000r\000e\000e\000n\000\137\000h\000e\000i\000g\000h\000t}{subsection.4.3.3}% 48
\BOOKMARK [3][-]{subsubsection.4.3.3.9}{\376\377\000s\000c\000r\000e\000e\000n\000\137\000w\000i\000d\000t\000h}{subsection.4.3.3}% 49
\BOOKMARK [3][-]{subsubsection.4.3.3.10}{\376\377\000u\000p\000d\000a\000t\000e\000S\000c\000r\000e\000e\000n}{subsection.4.3.3}% 50
\BOOKMARK [3][-]{subsubsection.4.3.3.11}{\376\377\000w\000a\000i\000t\000F\000o\000r\000K\000e\000y\000p\000r\000e\000s\000s}{subsection.4.3.3}% 51
\BOOKMARK [2][-]{subsection.4.3.4}{\376\377\000M\000e\000m\000b\000e\000r\000\040\000D\000a\000t\000a\000\040\000D\000o\000c\000u\000m\000e\000n\000t\000a\000t\000i\000o\000n}{section.4.3}% 52
\BOOKMARK [3][-]{subsubsection.4.3.4.1}{\376\377\000f\000o\000n\000t\000\137}{subsection.4.3.4}% 53
\BOOKMARK [3][-]{subsubsection.4.3.4.2}{\376\377\000F\000R\000A\000M\000E\000\137\000R\000A\000T\000E}{subsection.4.3.4}% 54
\BOOKMARK [3][-]{subsubsection.4.3.4.3}{\376\377\000i\000m\000a\000g\000e\000s\000\137}{subsection.4.3.4}% 55
\BOOKMARK [3][-]{subsubsection.4.3.4.4}{\376\377\000s\000c\000r\000e\000e\000n\000\137}{subsection.4.3.4}% 56
\BOOKMARK [3][-]{subsubsection.4.3.4.5}{\376\377\000S\000C\000R\000E\000E\000N\000\137\000B\000P\000P}{subsection.4.3.4}% 57
\BOOKMARK [3][-]{subsubsection.4.3.4.6}{\376\377\000S\000C\000R\000E\000E\000N\000\137\000H\000E\000I\000G\000H\000T}{subsection.4.3.4}% 58
\BOOKMARK [3][-]{subsubsection.4.3.4.7}{\376\377\000S\000C\000R\000E\000E\000N\000\137\000W\000I\000D\000T\000H}{subsection.4.3.4}% 59
\BOOKMARK [3][-]{subsubsection.4.3.4.8}{\376\377\000t\000i\000m\000e\000\137\000o\000f\000\137\000l\000a\000s\000t\000\137\000r\000e\000f\000r\000e\000s\000h\000\137}{subsection.4.3.4}% 60
\BOOKMARK [3][-]{subsubsection.4.3.4.9}{\376\377\000T\000I\000T\000L\000E}{subsection.4.3.4}% 61
\BOOKMARK [1][-]{section.4.4}{\376\377\000M\000o\000v\000i\000n\000g\000S\000t\000a\000r\000\040\000C\000l\000a\000s\000s\000\040\000R\000e\000f\000e\000r\000e\000n\000c\000e}{chapter.4}% 62
\BOOKMARK [2][-]{subsection.4.4.1}{\376\377\000D\000e\000t\000a\000i\000l\000e\000d\000\040\000D\000e\000s\000c\000r\000i\000p\000t\000i\000o\000n}{section.4.4}% 63
\BOOKMARK [2][-]{subsection.4.4.2}{\376\377\000C\000o\000n\000s\000t\000r\000u\000c\000t\000o\000r\000\040\000\046\000\040\000D\000e\000s\000t\000r\000u\000c\000t\000o\000r\000\040\000D\000o\000c\000u\000m\000e\000n\000t\000a\000t\000i\000o\000n}{section.4.4}% 64
\BOOKMARK [3][-]{subsubsection.4.4.2.1}{\376\377\000M\000o\000v\000i\000n\000g\000S\000t\000a\000r}{subsection.4.4.2}% 65
\BOOKMARK [3][-]{subsubsection.4.4.2.2}{\376\377\000M\000o\000v\000i\000n\000g\000S\000t\000a\000r}{subsection.4.4.2}% 66
\BOOKMARK [2][-]{subsection.4.4.3}{\376\377\000M\000e\000m\000b\000e\000r\000\040\000F\000u\000n\000c\000t\000i\000o\000n\000\040\000D\000o\000c\000u\000m\000e\000n\000t\000a\000t\000i\000o\000n}{section.4.4}% 67
\BOOKMARK [3][-]{subsubsection.4.4.3.1}{\376\377\000t\000a\000k\000e\000A\000c\000t\000i\000o\000n}{subsection.4.4.3}% 68
\BOOKMARK [2][-]{subsection.4.4.4}{\376\377\000M\000e\000m\000b\000e\000r\000\040\000D\000a\000t\000a\000\040\000D\000o\000c\000u\000m\000e\000n\000t\000a\000t\000i\000o\000n}{section.4.4}% 69
\BOOKMARK [3][-]{subsubsection.4.4.4.1}{\376\377\000d\000x\000\137}{subsection.4.4.4}% 70
\BOOKMARK [3][-]{subsubsection.4.4.4.2}{\376\377\000d\000y\000\137}{subsection.4.4.4}% 71
\BOOKMARK [1][-]{section.4.5}{\376\377\000P\000l\000a\000y\000e\000r\000\040\000C\000l\000a\000s\000s\000\040\000R\000e\000f\000e\000r\000e\000n\000c\000e}{chapter.4}% 72
\BOOKMARK [2][-]{subsection.4.5.1}{\376\377\000D\000e\000t\000a\000i\000l\000e\000d\000\040\000D\000e\000s\000c\000r\000i\000p\000t\000i\000o\000n}{section.4.5}% 73
\BOOKMARK [2][-]{subsection.4.5.2}{\376\377\000C\000o\000n\000s\000t\000r\000u\000c\000t\000o\000r\000\040\000\046\000\040\000D\000e\000s\000t\000r\000u\000c\000t\000o\000r\000\040\000D\000o\000c\000u\000m\000e\000n\000t\000a\000t\000i\000o\000n}{section.4.5}% 74
\BOOKMARK [3][-]{subsubsection.4.5.2.1}{\376\377\000P\000l\000a\000y\000e\000r}{subsection.4.5.2}% 75
\BOOKMARK [3][-]{subsubsection.4.5.2.2}{\376\377\000P\000l\000a\000y\000e\000r}{subsection.4.5.2}% 76
\BOOKMARK [2][-]{subsection.4.5.3}{\376\377\000M\000e\000m\000b\000e\000r\000\040\000F\000u\000n\000c\000t\000i\000o\000n\000\040\000D\000o\000c\000u\000m\000e\000n\000t\000a\000t\000i\000o\000n}{section.4.5}% 77
\BOOKMARK [3][-]{subsubsection.4.5.3.1}{\376\377\000h\000a\000n\000d\000l\000e\000G\000r\000a\000v\000i\000t\000y}{subsection.4.5.3}% 78
\BOOKMARK [3][-]{subsubsection.4.5.3.2}{\376\377\000i\000m\000a\000g\000e\000X}{subsection.4.5.3}% 79
\BOOKMARK [3][-]{subsubsection.4.5.3.3}{\376\377\000i\000m\000a\000g\000e\000Y}{subsection.4.5.3}% 80
\BOOKMARK [3][-]{subsubsection.4.5.3.4}{\376\377\000j\000u\000m\000p}{subsection.4.5.3}% 81
\BOOKMARK [3][-]{subsubsection.4.5.3.5}{\376\377\000m\000o\000v\000e}{subsection.4.5.3}% 82
\BOOKMARK [3][-]{subsubsection.4.5.3.6}{\376\377\000r\000e\000s\000e\000t}{subsection.4.5.3}% 83
\BOOKMARK [3][-]{subsubsection.4.5.3.7}{\376\377\000s\000c\000o\000r\000e}{subsection.4.5.3}% 84
\BOOKMARK [3][-]{subsubsection.4.5.3.8}{\376\377\000t\000o\000u\000c\000h\000e\000s}{subsection.4.5.3}% 85
\BOOKMARK [2][-]{subsection.4.5.4}{\376\377\000M\000e\000m\000b\000e\000r\000\040\000D\000a\000t\000a\000\040\000D\000o\000c\000u\000m\000e\000n\000t\000a\000t\000i\000o\000n}{section.4.5}% 86
\BOOKMARK [3][-]{subsubsection.4.5.4.1}{\376\377\000d\000x\000\137}{subsection.4.5.4}% 87
\BOOKMARK [3][-]{subsubsection.4.5.4.2}{\376\377\000d\000y\000\137}{subsection.4.5.4}% 88
\BOOKMARK [3][-]{subsubsection.4.5.4.3}{\376\377\000f\000a\000c\000i\000n\000g\000\137\000d\000i\000r\000e\000c\000t\000i\000o\000n\000\137}{subsection.4.5.4}% 89
\BOOKMARK [3][-]{subsubsection.4.5.4.4}{\376\377\000s\000c\000o\000r\000e\000\137}{subsection.4.5.4}% 90
\BOOKMARK [3][-]{subsubsection.4.5.4.5}{\376\377\000s\000t\000a\000n\000d\000i\000n\000g\000\137\000o\000n\000\137\000f\000l\000o\000o\000r\000\137}{subsection.4.5.4}% 91
\BOOKMARK [1][-]{section.4.6}{\376\377\000S\000p\000r\000i\000t\000e\000\040\000C\000l\000a\000s\000s\000\040\000R\000e\000f\000e\000r\000e\000n\000c\000e}{chapter.4}% 92
\BOOKMARK [2][-]{subsection.4.6.1}{\376\377\000D\000e\000t\000a\000i\000l\000e\000d\000\040\000D\000e\000s\000c\000r\000i\000p\000t\000i\000o\000n}{section.4.6}% 93
\BOOKMARK [2][-]{subsection.4.6.2}{\376\377\000C\000o\000n\000s\000t\000r\000u\000c\000t\000o\000r\000\040\000\046\000\040\000D\000e\000s\000t\000r\000u\000c\000t\000o\000r\000\040\000D\000o\000c\000u\000m\000e\000n\000t\000a\000t\000i\000o\000n}{section.4.6}% 94
\BOOKMARK [3][-]{subsubsection.4.6.2.1}{\376\377\000S\000p\000r\000i\000t\000e}{subsection.4.6.2}% 95
\BOOKMARK [3][-]{subsubsection.4.6.2.2}{\376\377\000S\000p\000r\000i\000t\000e}{subsection.4.6.2}% 96
\BOOKMARK [3][-]{subsubsection.4.6.2.3}{\376\377\000S\000p\000r\000i\000t\000e}{subsection.4.6.2}% 97
\BOOKMARK [2][-]{subsection.4.6.3}{\376\377\000M\000e\000m\000b\000e\000r\000\040\000F\000u\000n\000c\000t\000i\000o\000n\000\040\000D\000o\000c\000u\000m\000e\000n\000t\000a\000t\000i\000o\000n}{section.4.6}% 98
\BOOKMARK [3][-]{subsubsection.4.6.3.1}{\376\377\000f\000i\000l\000e\000n\000a\000m\000e}{subsection.4.6.3}% 99
\BOOKMARK [3][-]{subsubsection.4.6.3.2}{\376\377\000h\000e\000i\000g\000h\000t}{subsection.4.6.3}% 100
\BOOKMARK [3][-]{subsubsection.4.6.3.3}{\376\377\000i\000m\000a\000g\000e\000X}{subsection.4.6.3}% 101
\BOOKMARK [3][-]{subsubsection.4.6.3.4}{\376\377\000i\000n\000i\000t\000i\000a\000l\000Y}{subsection.4.6.3}% 102
\BOOKMARK [3][-]{subsubsection.4.6.3.5}{\376\377\000m\000o\000d\000i\000f\000y\000Y}{subsection.4.6.3}% 103
\BOOKMARK [3][-]{subsubsection.4.6.3.6}{\376\377\000o\000p\000e\000r\000a\000t\000o\000r\000=}{subsection.4.6.3}% 104
\BOOKMARK [3][-]{subsubsection.4.6.3.7}{\376\377\000w\000i\000d\000t\000h}{subsection.4.6.3}% 105
\BOOKMARK [3][-]{subsubsection.4.6.3.8}{\376\377\000x}{subsection.4.6.3}% 106
\BOOKMARK [3][-]{subsubsection.4.6.3.9}{\376\377\000y}{subsection.4.6.3}% 107
\BOOKMARK [2][-]{subsection.4.6.4}{\376\377\000M\000e\000m\000b\000e\000r\000\040\000D\000a\000t\000a\000\040\000D\000o\000c\000u\000m\000e\000n\000t\000a\000t\000i\000o\000n}{section.4.6}% 108
\BOOKMARK [3][-]{subsubsection.4.6.4.1}{\376\377\000c\000u\000r\000r\000e\000n\000t\000\137\000i\000m\000a\000g\000e\000\137}{subsection.4.6.4}% 109
\BOOKMARK [3][-]{subsubsection.4.6.4.2}{\376\377\000f\000i\000l\000e\000n\000a\000m\000e\000\137}{subsection.4.6.4}% 110
\BOOKMARK [3][-]{subsubsection.4.6.4.3}{\376\377\000h\000e\000i\000g\000h\000t\000\137}{subsection.4.6.4}% 111
\BOOKMARK [3][-]{subsubsection.4.6.4.4}{\376\377\000i\000n\000i\000t\000i\000a\000l\000\137\000y\000\137}{subsection.4.6.4}% 112
\BOOKMARK [3][-]{subsubsection.4.6.4.5}{\376\377\000n\000u\000m\000\137\000i\000m\000a\000g\000e\000s\000\137}{subsection.4.6.4}% 113
\BOOKMARK [3][-]{subsubsection.4.6.4.6}{\376\377\000w\000i\000d\000t\000h\000\137}{subsection.4.6.4}% 114
\BOOKMARK [3][-]{subsubsection.4.6.4.7}{\376\377\000x\000\137}{subsection.4.6.4}% 115
\BOOKMARK [3][-]{subsubsection.4.6.4.8}{\376\377\000y\000\137}{subsection.4.6.4}% 116
\BOOKMARK [0][-]{chapter.5}{\376\377\000F\000i\000l\000e\000\040\000D\000o\000c\000u\000m\000e\000n\000t\000a\000t\000i\000o\000n}{}% 117
\BOOKMARK [1][-]{section.5.1}{\376\377\000s\000r\000c\000/\000B\000a\000s\000i\000c\000S\000t\000a\000r\000.\000c\000c\000\040\000F\000i\000l\000e\000\040\000R\000e\000f\000e\000r\000e\000n\000c\000e}{chapter.5}% 118
\BOOKMARK [1][-]{section.5.2}{\376\377\000s\000r\000c\000/\000B\000a\000s\000i\000c\000S\000t\000a\000r\000.\000h\000h\000\040\000F\000i\000l\000e\000\040\000R\000e\000f\000e\000r\000e\000n\000c\000e}{chapter.5}% 119
\BOOKMARK [2][-]{subsection.5.2.1}{\376\377\000D\000e\000t\000a\000i\000l\000e\000d\000\040\000D\000e\000s\000c\000r\000i\000p\000t\000i\000o\000n}{section.5.2}% 120
\BOOKMARK [1][-]{section.5.3}{\376\377\000s\000r\000c\000/\000G\000a\000m\000e\000.\000c\000c\000\040\000F\000i\000l\000e\000\040\000R\000e\000f\000e\000r\000e\000n\000c\000e}{chapter.5}% 121
\BOOKMARK [1][-]{section.5.4}{\376\377\000s\000r\000c\000/\000G\000a\000m\000e\000.\000h\000h\000\040\000F\000i\000l\000e\000\040\000R\000e\000f\000e\000r\000e\000n\000c\000e}{chapter.5}% 122
\BOOKMARK [2][-]{subsection.5.4.1}{\376\377\000D\000e\000t\000a\000i\000l\000e\000d\000\040\000D\000e\000s\000c\000r\000i\000p\000t\000i\000o\000n}{section.5.4}% 123
\BOOKMARK [1][-]{section.5.5}{\376\377\000s\000r\000c\000/\000G\000r\000a\000p\000h\000i\000c\000s\000E\000n\000g\000i\000n\000e\000.\000c\000c\000\040\000F\000i\000l\000e\000\040\000R\000e\000f\000e\000r\000e\000n\000c\000e}{chapter.5}% 124
\BOOKMARK [1][-]{section.5.6}{\376\377\000s\000r\000c\000/\000G\000r\000a\000p\000h\000i\000c\000s\000E\000n\000g\000i\000n\000e\000.\000h\000h\000\040\000F\000i\000l\000e\000\040\000R\000e\000f\000e\000r\000e\000n\000c\000e}{chapter.5}% 125
\BOOKMARK [2][-]{subsection.5.6.1}{\376\377\000D\000e\000t\000a\000i\000l\000e\000d\000\040\000D\000e\000s\000c\000r\000i\000p\000t\000i\000o\000n}{section.5.6}% 126
\BOOKMARK [2][-]{subsection.5.6.2}{\376\377\000T\000y\000p\000e\000d\000e\000f\000\040\000D\000o\000c\000u\000m\000e\000n\000t\000a\000t\000i\000o\000n}{section.5.6}% 127
\BOOKMARK [3][-]{subsubsection.5.6.2.1}{\376\377\000r\000e\000c\000t\000\137\000t}{subsection.5.6.2}% 128
\BOOKMARK [2][-]{subsection.5.6.3}{\376\377\000E\000n\000u\000m\000e\000r\000a\000t\000i\000o\000n\000\040\000T\000y\000p\000e\000\040\000D\000o\000c\000u\000m\000e\000n\000t\000a\000t\000i\000o\000n}{section.5.6}% 129
\BOOKMARK [3][-]{subsubsection.5.6.3.1}{\376\377\000e\000v\000e\000n\000t\000\137\000t}{subsection.5.6.3}% 130
\BOOKMARK [1][-]{section.5.7}{\376\377\000s\000r\000c\000/\000m\000a\000i\000n\000.\000c\000c\000\040\000F\000i\000l\000e\000\040\000R\000e\000f\000e\000r\000e\000n\000c\000e}{chapter.5}% 131
\BOOKMARK [2][-]{subsection.5.7.1}{\376\377\000F\000u\000n\000c\000t\000i\000o\000n\000\040\000D\000o\000c\000u\000m\000e\000n\000t\000a\000t\000i\000o\000n}{section.5.7}% 132
\BOOKMARK [3][-]{subsubsection.5.7.1.1}{\376\377\000m\000a\000i\000n}{subsection.5.7.1}% 133
\BOOKMARK [1][-]{section.5.8}{\376\377\000s\000r\000c\000/\000M\000o\000v\000i\000n\000g\000S\000t\000a\000r\000.\000c\000c\000\040\000F\000i\000l\000e\000\040\000R\000e\000f\000e\000r\000e\000n\000c\000e}{chapter.5}% 134
\BOOKMARK [1][-]{section.5.9}{\376\377\000s\000r\000c\000/\000M\000o\000v\000i\000n\000g\000S\000t\000a\000r\000.\000h\000h\000\040\000F\000i\000l\000e\000\040\000R\000e\000f\000e\000r\000e\000n\000c\000e}{chapter.5}% 135
\BOOKMARK [2][-]{subsection.5.9.1}{\376\377\000D\000e\000t\000a\000i\000l\000e\000d\000\040\000D\000e\000s\000c\000r\000i\000p\000t\000i\000o\000n}{section.5.9}% 136
\BOOKMARK [1][-]{section.5.10}{\376\377\000s\000r\000c\000/\000P\000l\000a\000y\000e\000r\000.\000c\000c\000\040\000F\000i\000l\000e\000\040\000R\000e\000f\000e\000r\000e\000n\000c\000e}{chapter.5}% 137
\BOOKMARK [1][-]{section.5.11}{\376\377\000s\000r\000c\000/\000P\000l\000a\000y\000e\000r\000.\000h\000h\000\040\000F\000i\000l\000e\000\040\000R\000e\000f\000e\000r\000e\000n\000c\000e}{chapter.5}% 138
\BOOKMARK [2][-]{subsection.5.11.1}{\376\377\000D\000e\000t\000a\000i\000l\000e\000d\000\040\000D\000e\000s\000c\000r\000i\000p\000t\000i\000o\000n}{section.5.11}% 139
\BOOKMARK [1][-]{section.5.12}{\376\377\000s\000r\000c\000/\000S\000p\000r\000i\000t\000e\000.\000c\000c\000\040\000F\000i\000l\000e\000\040\000R\000e\000f\000e\000r\000e\000n\000c\000e}{chapter.5}% 140
\BOOKMARK [1][-]{section.5.13}{\376\377\000s\000r\000c\000/\000S\000p\000r\000i\000t\000e\000.\000h\000h\000\040\000F\000i\000l\000e\000\040\000R\000e\000f\000e\000r\000e\000n\000c\000e}{chapter.5}% 141
\BOOKMARK [2][-]{subsection.5.13.1}{\376\377\000D\000e\000t\000a\000i\000l\000e\000d\000\040\000D\000e\000s\000c\000r\000i\000p\000t\000i\000o\000n}{section.5.13}% 142
\BOOKMARK [-1][-]{subsection.5.13.1}{\376\377\000I\000n\000d\000e\000x}{}% 143
