11:27:06 **** Incremental Build of configuration Debug for project test01 ****
make all 
Building file: ../helloworld.cc
Invoking: GCC C++ Compiler
g++ -O0 -g3 -pedantic -pedantic-errors -Wall -Wextra -Werror -Wconversion -c -fmessage-length=0 -std=c++11 -MMD -MP -MF"helloworld.d" -MT"helloworld.d" -o "helloworld.o" "../helloworld.cc"
Finished building: ../helloworld.cc
 
Building target: test01
Invoking: MacOS X C++ Linker
g++  -o "test01"  ./helloworld.o   
Finished building target: test01
 
11:27:12 **** Incremental Build of configuration Debug for project test01 ****
make all 
Building file: ../helloworld.cc
Invoking: GCC C++ Compiler
g++ -O0 -g3 -pedantic -pedantic-errors -Wall -Wextra -Werror -Wconversion -c -fmessage-length=0 -std=c++11 -MMD -MP -MF"helloworld.d" -MT"helloworld.d" -o "helloworld.o" "../helloworld.cc"
Finished building: ../helloworld.cc
 
Building target: test01
Invoking: MacOS X C++ Linker
g++  -o "test01"  ./helloworld.o   
Finished building target: test01
 
11:32:07 **** Incremental Build of configuration Debug for project test01 ****
make all 
Building file: ../helloworld.cc
Invoking: GCC C++ Compiler
g++ -O0 -g3 -pedantic -pedantic-errors -Wall -Wextra -Werror -Wconversion -c -fmessage-length=0 -std=c++11 -MMD -MP -MF"helloworld.d" -MT"helloworld.d" -o "helloworld.o" "../helloworld.cc"
Finished building: ../helloworld.cc
 
Building target: test01
Invoking: MacOS X C++ Linker
g++  -o "test01"  ./helloworld.o   
Finished building target: test01
 
